0 verbose cli /usr/local/bin/node /usr/local/bin/npm
1 info using npm@11.5.1
2 info using node@v24.6.0
3 silly config load:file:/usr/local/lib/node_modules/npm/npmrc
4 silly config load:file:/Users/admin/Documents/shop_nen_thom/project/.npmrc
5 silly config load:file:/Users/admin/.npmrc
6 silly config load:file:/usr/local/etc/npmrc
7 verbose title npm install driver.js
8 verbose argv "install" "driver.js" "--cache" ".npm-cache"
9 verbose logfile logs-max:10 dir:/Users/admin/Documents/shop_nen_thom/project/.npm-cache/_logs/2026-07-11T01_59_56_590Z-
10 verbose logfile /Users/admin/Documents/shop_nen_thom/project/.npm-cache/_logs/2026-07-11T01_59_56_590Z-debug-0.log
11 silly logfile done cleaning log files
12 silly packumentCache heap:4496293888 maxSize:1124073472 maxEntrySize:562036736
13 silly idealTree buildDeps
14 silly fetch manifest driver.js@*
15 silly packumentCache full:https://registry.npmjs.org/driver.js cache-miss
16 verbose shrinkwrap failed to load node_modules/.package-lock.json out of date, updated: node_modules
17 http fetch GET 200 https://registry.npmjs.org/driver.js 169ms (cache miss)
18 silly packumentCache full:https://registry.npmjs.org/driver.js set size:undefined disposed:false
19 silly placeDep ROOT driver.js@1.6.0 OK for: project@0.1.0 want: *
20 silly reify moves {}
21 http fetch GET 200 https://registry.npmjs.org/npm 262ms
22 silly audit bulk request {
22 silly audit   '@alloc/quick-lru': [ '5.2.0' ],
22 silly audit   '@babel/code-frame': [ '7.29.7' ],
22 silly audit   '@babel/compat-data': [ '7.29.7' ],
22 silly audit   '@babel/core': [ '7.29.7' ],
22 silly audit   '@babel/generator': [ '7.29.7' ],
22 silly audit   '@babel/helper-compilation-targets': [ '7.29.7' ],
22 silly audit   '@babel/helper-globals': [ '7.29.7' ],
22 silly audit   '@babel/helper-module-imports': [ '7.29.7' ],
22 silly audit   '@babel/helper-module-transforms': [ '7.29.7' ],
22 silly audit   '@babel/helper-string-parser': [ '7.29.7' ],
22 silly audit   '@babel/helper-validator-identifier': [ '7.29.7' ],
22 silly audit   '@babel/helper-validator-option': [ '7.29.7' ],
22 silly audit   '@babel/helpers': [ '7.29.7' ],
22 silly audit   '@babel/parser': [ '7.29.7' ],
22 silly audit   '@babel/template': [ '7.29.7' ],
22 silly audit   '@babel/traverse': [ '7.29.7' ],
22 silly audit   '@babel/types': [ '7.29.7' ],
22 silly audit   '@electric-sql/pglite': [ '0.4.1' ],
22 silly audit   '@electric-sql/pglite-socket': [ '0.1.1' ],
22 silly audit   '@electric-sql/pglite-tools': [ '0.3.1' ],
22 silly audit   '@eslint-community/eslint-utils': [ '4.9.1' ],
22 silly audit   'eslint-visitor-keys': [ '3.4.3', '5.0.1', '4.2.1' ],
22 silly audit   '@eslint-community/regexpp': [ '4.12.2' ],
22 silly audit   '@eslint/config-array': [ '0.21.2' ],
22 silly audit   '@eslint/config-helpers': [ '0.4.2' ],
22 silly audit   '@eslint/core': [ '0.17.0' ],
22 silly audit   '@eslint/eslintrc': [ '3.3.5' ],
22 silly audit   '@eslint/js': [ '9.39.4' ],
22 silly audit   '@eslint/object-schema': [ '2.1.7' ],
22 silly audit   '@eslint/plugin-kit': [ '0.4.1' ],
22 silly audit   '@hono/node-server': [ '1.19.11' ],
22 silly audit   '@humanfs/core': [ '0.19.2' ],
22 silly audit   '@humanfs/node': [ '0.16.8' ],
22 silly audit   '@humanfs/types': [ '0.15.0' ],
22 silly audit   '@humanwhocodes/module-importer': [ '1.0.1' ],
22 silly audit   '@humanwhocodes/retry': [ '0.4.3' ],
22 silly audit   '@img/colour': [ '1.1.0' ],
22 silly audit   '@img/sharp-darwin-arm64': [ '0.34.5' ],
22 silly audit   '@img/sharp-libvips-darwin-arm64': [ '1.2.4' ],
22 silly audit   '@jridgewell/gen-mapping': [ '0.3.13' ],
22 silly audit   '@jridgewell/remapping': [ '2.3.5' ],
22 silly audit   '@jridgewell/resolve-uri': [ '3.1.2' ],
22 silly audit   '@jridgewell/sourcemap-codec': [ '1.5.5' ],
22 silly audit   '@jridgewell/trace-mapping': [ '0.3.31' ],
22 silly audit   '@kurkle/color': [ '0.3.4' ],
22 silly audit   '@next/env': [ '16.2.7' ],
22 silly audit   '@next/eslint-plugin-next': [ '16.2.7' ],
22 silly audit   '@next/swc-darwin-arm64': [ '16.2.7' ],
22 silly audit   '@next/swc-darwin-x64': [ '16.2.7' ],
22 silly audit   '@next/swc-linux-arm64-gnu': [ '16.2.7' ],
22 silly audit   '@next/swc-linux-arm64-musl': [ '16.2.7' ],
22 silly audit   '@next/swc-linux-x64-gnu': [ '16.2.7' ],
22 silly audit   '@next/swc-linux-x64-musl': [ '16.2.7' ],
22 silly audit   '@next/swc-win32-arm64-msvc': [ '16.2.7' ],
22 silly audit   '@next/swc-win32-x64-msvc': [ '16.2.7' ],
22 silly audit   '@nodelib/fs.scandir': [ '2.1.5' ],
22 silly audit   '@nodelib/fs.stat': [ '2.0.5' ],
22 silly audit   '@nodelib/fs.walk': [ '1.2.8' ],
22 silly audit   '@nolyfill/is-core-module': [ '1.0.39' ],
22 silly audit   '@prisma/adapter-pg': [ '7.8.0' ],
22 silly audit   '@prisma/client': [ '7.8.0' ],
22 silly audit   '@prisma/client-runtime-utils': [ '7.8.0' ],
22 silly audit   '@prisma/config': [ '7.8.0' ],
22 silly audit   effect: [ '3.20.0' ],
22 silly audit   '@prisma/debug': [ '7.8.0', '7.2.0' ],
22 silly audit   '@prisma/dev': [ '0.24.3' ],
22 silly audit   '@prisma/driver-adapter-utils': [ '7.8.0' ],
22 silly audit   '@prisma/engines': [ '7.8.0' ],
22 silly audit   '@prisma/engines-version': [ '7.8.0-6.3c6e192761c0362d496ed980de936e2f3cebcd3a' ],
22 silly audit   '@prisma/get-platform': [ '7.8.0', '7.2.0' ],
22 silly audit   '@prisma/fetch-engine': [ '7.8.0' ],
22 silly audit   '@prisma/query-plan-executor': [ '7.2.0' ],
22 silly audit   '@prisma/streams-local': [ '0.1.2' ],
22 silly audit   ajv: [ '8.20.0', '6.15.0' ],
22 silly audit   'json-schema-traverse': [ '1.0.0', '0.4.1' ],
22 silly audit   '@prisma/studio-core': [ '0.27.3' ],
22 silly audit   '@radix-ui/primitive': [ '1.1.3' ],
22 silly audit   '@radix-ui/react-compose-refs': [ '1.1.2' ],
22 silly audit   '@radix-ui/react-primitive': [ '2.1.3' ],
22 silly audit   '@radix-ui/react-slot': [ '1.2.3' ],
22 silly audit   '@radix-ui/react-toggle': [ '1.1.10' ],
22 silly audit   '@radix-ui/react-use-controllable-state': [ '1.2.2' ],
22 silly audit   '@radix-ui/react-use-effect-event': [ '0.0.2' ],
22 silly audit   '@radix-ui/react-use-layout-effect': [ '1.1.1' ],
22 silly audit   '@reduxjs/toolkit': [ '2.12.0' ],
22 silly audit   '@rtsao/scc': [ '1.1.0' ],
22 silly audit   '@standard-schema/spec': [ '1.1.0' ],
22 silly audit   '@standard-schema/utils': [ '0.3.0' ],
22 silly audit   '@supabase/auth-js': [ '2.107.0' ],
22 silly audit   '@supabase/functions-js': [ '2.107.0' ],
22 silly audit   '@supabase/phoenix': [ '0.4.2' ],
22 silly audit   '@supabase/postgrest-js': [ '2.107.0' ],
22 silly audit   '@supabase/realtime-js': [ '2.107.0' ],
22 silly audit   '@supabase/storage-js': [ '2.107.0' ],
22 silly audit   '@supabase/supabase-js': [ '2.107.0' ],
22 silly audit   '@swc/helpers': [ '0.5.15' ],
22 silly audit   '@tailwindcss/node': [ '4.3.0' ],
22 silly audit   '@tailwindcss/oxide': [ '4.3.0' ],
22 silly audit   '@tailwindcss/oxide-darwin-arm64': [ '4.3.0' ],
22 silly audit   '@tailwindcss/postcss': [ '4.3.0' ],
22 silly audit   '@types/bcryptjs': [ '2.4.6' ],
22 silly audit   '@types/d3-array': [ '3.2.2' ],
22 silly audit   '@types/d3-color': [ '3.1.3' ],
22 silly audit   '@types/d3-ease': [ '3.0.2' ],
22 silly audit   '@types/d3-interpolate': [ '3.0.4' ],
22 silly audit   '@types/d3-path': [ '3.1.1' ],
22 silly audit   '@types/d3-scale': [ '4.0.9' ],
22 silly audit   '@types/d3-shape': [ '3.1.8' ],
22 silly audit   '@types/d3-time': [ '3.0.4' ],
22 silly audit   '@types/d3-timer': [ '3.0.2' ],
22 silly audit   '@types/estree': [ '1.0.9' ],
22 silly audit   '@types/hoist-non-react-statics': [ '3.3.7' ],
22 silly audit   '@types/json-schema': [ '7.0.15' ],
22 silly audit   '@types/json5': [ '0.0.29' ],
22 silly audit   '@types/node': [ '20.19.42' ],
22 silly audit   '@types/node-fetch': [ '2.6.13' ],
22 silly audit   '@types/nodemailer': [ '8.0.1' ],
22 silly audit   '@types/pg': [ '8.20.0' ],
22 silly audit   '@types/react': [ '19.2.16' ],
22 silly audit   '@types/react-dom': [ '19.2.3' ],
22 silly audit   '@types/use-sync-external-store': [ '0.0.6' ],
22 silly audit   '@types/web-push': [ '3.6.4' ],
22 silly audit   '@typescript-eslint/eslint-plugin': [ '8.60.1' ],
22 silly audit   ignore: [ '7.0.5', '5.3.2' ],
22 silly audit   '@typescript-eslint/parser': [ '8.60.1' ],
22 silly audit   '@typescript-eslint/project-service': [ '8.60.1' ],
22 silly audit   '@typescript-eslint/scope-manager': [ '8.60.1' ],
22 silly audit   '@typescript-eslint/tsconfig-utils': [ '8.60.1' ],
22 silly audit   '@typescript-eslint/type-utils': [ '8.60.1' ],
22 silly audit   '@typescript-eslint/types': [ '8.60.1' ],
22 silly audit   '@typescript-eslint/typescript-estree': [ '8.60.1' ],
22 silly audit   'balanced-match': [ '4.0.4', '1.0.2' ],
22 silly audit   'brace-expansion': [ '5.0.6', '1.1.15' ],
22 silly audit   minimatch: [ '10.2.5', '3.1.5' ],
22 silly audit   semver: [ '7.8.1', '6.3.1' ],
22 silly audit   '@typescript-eslint/utils': [ '8.60.1' ],
22 silly audit   '@typescript-eslint/visitor-keys': [ '8.60.1' ],
22 silly audit   '@unrs/resolver-binding-darwin-arm64': [ '1.12.2' ],
22 silly audit   'abort-controller': [ '3.0.0' ],
22 silly audit   acorn: [ '8.16.0' ],
22 silly audit   'acorn-jsx': [ '5.3.2' ],
22 silly audit   'agent-base': [ '7.1.4' ],
22 silly audit   'ansi-styles': [ '4.3.0' ],
22 silly audit   argparse: [ '2.0.1' ],
22 silly audit   'aria-query': [ '5.3.2' ],
22 silly audit   'array-buffer-byte-length': [ '1.0.2' ],
22 silly audit   'array-includes': [ '3.1.9' ],
22 silly audit   'array.prototype.findlast': [ '1.2.5' ],
22 silly audit   'array.prototype.findlastindex': [ '1.2.6' ],
22 silly audit   'array.prototype.flat': [ '1.3.3' ],
22 silly audit   'array.prototype.flatmap': [ '1.3.3' ],
22 silly audit   'array.prototype.tosorted': [ '1.1.4' ],
22 silly audit   'arraybuffer.prototype.slice': [ '1.0.4' ],
22 silly audit   'asn1.js': [ '5.4.1' ],
22 silly audit   'ast-types-flow': [ '0.0.8' ],
22 silly audit   'async-function': [ '1.0.0' ],
22 silly audit   asynckit: [ '0.4.0' ],
22 silly audit   'available-typed-arrays': [ '1.0.7' ],
22 silly audit   'aws-ssl-profiles': [ '1.1.2' ],
22 silly audit   'axe-core': [ '4.12.0' ],
22 silly audit   'axobject-query': [ '4.1.0' ],
22 silly audit   'baseline-browser-mapping': [ '2.10.33' ],
22 silly audit   bcryptjs: [ '3.0.3' ],
22 silly audit   'better-result': [ '2.9.2' ],
22 silly audit   'bn.js': [ '4.12.4' ],
22 silly audit   braces: [ '3.0.3' ],
22 silly audit   browserslist: [ '4.28.2' ],
22 silly audit   'buffer-equal-constant-time': [ '1.0.1' ],
22 silly audit   c12: [ '3.3.4' ],
22 silly audit   'call-bind': [ '1.0.9' ],
22 silly audit   'call-bind-apply-helpers': [ '1.0.2' ],
22 silly audit   'call-bound': [ '1.0.4' ],
22 silly audit   callsites: [ '3.1.0' ],
22 silly audit   'caniuse-lite': [ '1.0.30001793' ],
22 silly audit   chalk: [ '4.1.2' ],
22 silly audit   'chart.js': [ '4.5.1' ],
22 silly audit   chokidar: [ '5.0.0' ],
22 silly audit   'client-only': [ '0.0.1' ],
22 silly audit   clsx: [ '2.1.1' ],
22 silly audit   'color-convert': [ '2.0.1' ],
22 silly audit   'color-name': [ '1.1.4' ],
22 silly audit   'combined-stream': [ '1.0.8' ],
22 silly audit   'concat-map': [ '0.0.1' ],
22 silly audit   confbox: [ '0.2.4' ],
22 silly audit   'convert-source-map': [ '2.0.0' ],
22 silly audit   'cross-spawn': [ '7.0.6' ],
22 silly audit   csstype: [ '3.2.3' ],
22 silly audit   'd3-array': [ '3.2.4' ],
22 silly audit   'd3-color': [ '3.1.0' ],
22 silly audit   'd3-ease': [ '3.0.1' ],
22 silly audit   'd3-format': [ '3.1.2' ],
22 silly audit   'd3-interpolate': [ '3.0.1' ],
22 silly audit   'd3-path': [ '3.1.0' ],
22 silly audit   'd3-scale': [ '4.0.2' ],
22 silly audit   'd3-shape': [ '3.2.0' ],
22 silly audit   'd3-time': [ '3.1.0' ],
22 silly audit   'd3-time-format': [ '4.1.0' ],
22 silly audit   'd3-timer': [ '3.0.1' ],
22 silly audit   'damerau-levenshtein': [ '1.0.8' ],
22 silly audit   'data-view-buffer': [ '1.0.2' ],
22 silly audit   'data-view-byte-length': [ '1.0.2' ],
22 silly audit   'data-view-byte-offset': [ '1.0.1' ],
22 silly audit   debug: [ '4.4.3', '3.2.7' ],
22 silly audit   'decimal.js-light': [ '2.5.1' ],
22 silly audit   'deep-is': [ '0.1.4' ],
22 silly audit   deepmerge: [ '2.2.1' ],
22 silly audit   'deepmerge-ts': [ '7.1.5' ],
22 silly audit   'define-data-property': [ '1.1.4' ],
22 silly audit   'define-properties': [ '1.2.1' ],
22 silly audit   defu: [ '6.1.7' ],
22 silly audit   'delayed-stream': [ '1.0.0' ],
22 silly audit   denque: [ '2.1.0' ],
22 silly audit   dequal: [ '2.0.3' ],
22 silly audit   destr: [ '2.0.5' ],
22 silly audit   'detect-libc': [ '2.1.2' ],
22 silly audit   doctrine: [ '2.1.0' ],
22 silly audit   dotenv: [ '17.4.2' ],
22 silly audit   'dunder-proto': [ '1.0.1' ],
22 silly audit   'ecdsa-sig-formatter': [ '1.0.11' ],
22 silly audit   'electron-to-chromium': [ '1.5.366' ],
22 silly audit   'emoji-regex': [ '9.2.2' ],
22 silly audit   empathic: [ '2.0.0' ],
22 silly audit   'enhanced-resolve': [ '5.22.1' ],
22 silly audit   'env-paths': [ '3.0.0' ],
22 silly audit   'es-abstract': [ '1.24.2' ],
22 silly audit   'es-define-property': [ '1.0.1' ],
22 silly audit   'es-errors': [ '1.3.0' ],
22 silly audit   'es-iterator-helpers': [ '1.3.2' ],
22 silly audit   'es-object-atoms': [ '1.1.2' ],
22 silly audit   'es-set-tostringtag': [ '2.1.0' ],
22 silly audit   'es-shim-unscopables': [ '1.1.0' ],
22 silly audit   'es-to-primitive': [ '1.3.0' ],
22 silly audit   'es-toolkit': [ '1.49.0' ],
22 silly audit   escalade: [ '3.2.0' ],
22 silly audit   'escape-string-regexp': [ '4.0.0' ],
22 silly audit   eslint: [ '9.39.4' ],
22 silly audit   'eslint-config-next': [ '16.2.7' ],
22 silly audit   globals: [ '16.4.0', '14.0.0' ],
22 silly audit   'eslint-import-resolver-node': [ '0.3.10' ],
22 silly audit   'eslint-import-resolver-typescript': [ '3.10.1' ],
22 silly audit   'eslint-module-utils': [ '2.13.0' ],
22 silly audit   'eslint-plugin-import': [ '2.32.0' ],
22 silly audit   'eslint-plugin-jsx-a11y': [ '6.10.2' ],
22 silly audit   'eslint-plugin-react': [ '7.37.5' ],
22 silly audit   'eslint-plugin-react-hooks': [ '7.1.1' ],
22 silly audit   'eslint-scope': [ '8.4.0' ],
22 silly audit   espree: [ '10.4.0' ],
22 silly audit   esquery: [ '1.7.0' ],
22 silly audit   esrecurse: [ '4.3.0' ],
22 silly audit   estraverse: [ '5.3.0' ],
22 silly audit   esutils: [ '2.0.3' ],
22 silly audit   'event-target-shim': [ '5.0.1' ],
22 silly audit   eventemitter3: [ '5.0.4' ],
22 silly audit   exsolve: [ '1.0.8' ],
22 silly audit   'fast-check': [ '3.23.2' ],
22 silly audit   'fast-deep-equal': [ '3.1.3' ],
22 silly audit   'fast-glob': [ '3.3.1' ],
22 silly audit   'glob-parent': [ '5.1.2', '6.0.2' ],
22 silly audit   'fast-json-stable-stringify': [ '2.1.0' ],
22 silly audit   'fast-levenshtein': [ '2.0.6' ],
22 silly audit   'fast-uri': [ '3.1.2' ],
22 silly audit   fastq: [ '1.20.1' ],
22 silly audit   'file-entry-cache': [ '8.0.0' ],
22 silly audit   'fill-range': [ '7.1.1' ],
22 silly audit   'find-up': [ '5.0.0' ],
22 silly audit   'flat-cache': [ '4.0.1' ],
22 silly audit   flatted: [ '3.4.2' ],
22 silly audit   'for-each': [ '0.3.5' ],
22 silly audit   'foreground-child': [ '3.3.1' ],
22 silly audit   'form-data': [ '4.0.6' ],
22 silly audit   formik: [ '2.4.9' ],
22 silly audit   'function-bind': [ '1.1.2' ],
22 silly audit   'function.prototype.name': [ '1.1.8' ],
22 silly audit   'functions-have-names': [ '1.2.3' ],
22 silly audit   'generate-function': [ '2.3.1' ],
22 silly audit   'generator-function': [ '2.0.1' ],
22 silly audit   gensync: [ '1.0.0-beta.2' ],
22 silly audit   'get-intrinsic': [ '1.3.0' ],
22 silly audit   'get-port-please': [ '3.2.0' ],
22 silly audit   'get-proto': [ '1.0.1' ],
22 silly audit   'get-symbol-description': [ '1.1.0' ],
22 silly audit   'get-tsconfig': [ '4.14.0' ],
22 silly audit   giget: [ '3.2.0' ],
22 silly audit   globalthis: [ '1.0.4' ],
22 silly audit   gopd: [ '1.2.0' ],
22 silly audit   'graceful-fs': [ '4.2.11' ],
22 silly audit   grammex: [ '3.1.12' ],
22 silly audit   graphmatch: [ '1.1.1' ],
22 silly audit   'has-bigints': [ '1.1.0' ],
22 silly audit   'has-flag': [ '4.0.0' ],
22 silly audit   'has-property-descriptors': [ '1.0.2' ],
22 silly audit   'has-proto': [ '1.2.0' ],
22 silly audit   'has-symbols': [ '1.1.0' ],
22 silly audit   'has-tostringtag': [ '1.0.2' ],
22 silly audit   hasown: [ '2.0.4' ],
22 silly audit   'hermes-estree': [ '0.25.1' ],
22 silly audit   'hermes-parser': [ '0.25.1' ],
22 silly audit   'hoist-non-react-statics': [ '3.3.2' ],
22 silly audit   hono: [ '4.12.23' ],
22 silly audit   http_ece: [ '1.2.0' ],
22 silly audit   'http-status-codes': [ '2.3.0' ],
22 silly audit   'https-proxy-agent': [ '7.0.6' ],
22 silly audit   husky: [ '9.1.7' ],
22 silly audit   'iceberg-js': [ '0.8.1' ],
22 silly audit   'iconv-lite': [ '0.7.2' ],
22 silly audit   immer: [ '11.1.11' ],
22 silly audit   'import-fresh': [ '3.3.1' ],
22 silly audit   imurmurhash: [ '0.1.4' ],
22 silly audit   inherits: [ '2.0.4' ],
22 silly audit   'internal-slot': [ '1.1.0' ],
22 silly audit   internmap: [ '2.0.3' ],
22 silly audit   'is-array-buffer': [ '3.0.5' ],
22 silly audit   'is-async-function': [ '2.1.1' ],
22 silly audit   'is-base64': [ '1.1.0' ],
22 silly audit   'is-bigint': [ '1.1.0' ],
22 silly audit   'is-boolean-object': [ '1.2.2' ],
22 silly audit   'is-bun-module': [ '2.0.0' ],
22 silly audit   'is-callable': [ '1.2.7' ],
22 silly audit   'is-core-module': [ '2.16.2' ],
22 silly audit   'is-data-view': [ '1.0.2' ],
22 silly audit   'is-date-object': [ '1.1.0' ],
22 silly audit   'is-extglob': [ '2.1.1' ],
22 silly audit   'is-finalizationregistry': [ '1.1.1' ],
22 silly audit   'is-generator-function': [ '1.1.2' ],
22 silly audit   'is-glob': [ '4.0.3' ],
22 silly audit   'is-map': [ '2.0.3' ],
22 silly audit   'is-negative-zero': [ '2.0.3' ],
22 silly audit   'is-number': [ '7.0.0' ],
22 silly audit   'is-number-object': [ '1.1.1' ],
22 silly audit   'is-property': [ '1.0.2' ],
22 silly audit   'is-regex': [ '1.2.1' ],
22 silly audit   'is-set': [ '2.0.3' ],
22 silly audit   'is-shared-array-buffer': [ '1.0.4' ],
22 silly audit   'is-string': [ '1.1.1' ],
22 silly audit   'is-symbol': [ '1.1.1' ],
22 silly audit   'is-typed-array': [ '1.1.15' ],
22 silly audit   'is-weakmap': [ '2.0.2' ],
22 silly audit   'is-weakref': [ '1.1.1' ],
22 silly audit   'is-weakset': [ '2.0.4' ],
22 silly audit   isarray: [ '2.0.5' ],
22 silly audit   isexe: [ '2.0.0' ],
22 silly audit   'iterator.prototype': [ '1.1.5' ],
22 silly audit   jiti: [ '2.7.0' ],
22 silly audit   'js-tokens': [ '4.0.0' ],
22 silly audit   'js-yaml': [ '4.2.0' ],
22 silly audit   jsesc: [ '3.1.0' ],
22 silly audit   'json-buffer': [ '3.0.1' ],
22 silly audit   'json-stable-stringify-without-jsonify': [ '1.0.1' ],
22 silly audit   json5: [ '2.2.3', '1.0.2' ],
22 silly audit   'jsx-ast-utils': [ '3.3.5' ],
22 silly audit   jwa: [ '2.0.1' ],
22 silly audit   jws: [ '4.0.1' ],
22 silly audit   keyv: [ '4.5.4' ],
22 silly audit   'language-subtag-registry': [ '0.3.23' ],
22 silly audit   'language-tags': [ '1.0.9' ],
22 silly audit   levn: [ '0.4.1' ],
22 silly audit   lightningcss: [ '1.32.0' ],
22 silly audit   'lightningcss-darwin-arm64': [ '1.32.0' ],
22 silly audit   'locate-path': [ '6.0.0' ],
22 silly audit   lodash: [ '4.18.1' ],
22 silly audit   'lodash-es': [ '4.18.1' ],
22 silly audit   'lodash.merge': [ '4.6.2' ],
22 silly audit   long: [ '5.3.2' ],
22 silly audit   'loose-envify': [ '1.4.0' ],
22 silly audit   'lru-cache': [ '5.1.1' ],
22 silly audit   'lru.min': [ '1.1.4' ],
22 silly audit   'lucide-react': [ '1.17.0' ],
22 silly audit   'magic-string': [ '0.30.21' ],
22 silly audit   'math-intrinsics': [ '1.1.0' ],
22 silly audit   merge2: [ '1.4.1' ],
22 silly audit   micromatch: [ '4.0.8' ],
22 silly audit   'mime-db': [ '1.52.0' ],
22 silly audit   'mime-types': [ '2.1.35' ],
22 silly audit   'minimalistic-assert': [ '1.0.1' ],
22 silly audit   minimist: [ '1.2.8' ],
22 silly audit   ms: [ '2.1.3' ],
22 silly audit   mysql2: [ '3.15.3' ],
22 silly audit   'named-placeholders': [ '1.1.6' ],
22 silly audit   nanoid: [ '3.3.12' ],
22 silly audit   'napi-postinstall': [ '0.3.4' ],
22 silly audit   'natural-compare': [ '1.4.0' ],
22 silly audit   next: [ '16.2.7' ],
22 silly audit   postcss: [ '8.4.31', '8.5.15' ],
22 silly audit   'node-exports-info': [ '1.6.0' ],
22 silly audit   'node-fetch': [ '2.7.0' ],
22 silly audit   'node-releases': [ '2.0.47' ],
22 silly audit   nodemailer: [ '8.0.11' ],
22 silly audit   'object-assign': [ '4.1.1' ],
22 silly audit   'object-inspect': [ '1.13.4' ],
22 silly audit   'object-keys': [ '1.1.1' ],
22 silly audit   'object.assign': [ '4.1.7' ],
22 silly audit   'object.entries': [ '1.1.9' ],
22 silly audit   'object.fromentries': [ '2.0.8' ],
22 silly audit   'object.groupby': [ '1.0.3' ],
22 silly audit   'object.values': [ '1.2.1' ],
22 silly audit   ohash: [ '2.0.11' ],
22 silly audit   optionator: [ '0.9.4' ],
22 silly audit   'own-keys': [ '1.0.1' ],
22 silly audit   'p-limit': [ '3.1.0' ],
22 silly audit   'p-locate': [ '5.0.0' ],
22 silly audit   'parent-module': [ '1.0.1' ],
22 silly audit   'path-exists': [ '4.0.0' ],
22 silly audit   'path-key': [ '3.1.1' ],
22 silly audit   'path-parse': [ '1.0.7' ],
22 silly audit   pathe: [ '2.0.3' ],
22 silly audit   'perfect-debounce': [ '2.1.0' ],
22 silly audit   pg: [ '8.21.0' ],
22 silly audit   'pg-cloudflare': [ '1.4.0' ],
22 silly audit   'pg-connection-string': [ '2.13.0' ],
22 silly audit   'pg-int8': [ '1.0.1' ],
22 silly audit   'pg-pool': [ '3.14.0' ],
22 silly audit   'pg-protocol': [ '1.14.0' ],
22 silly audit   'pg-types': [ '2.2.0' ],
22 silly audit   'postgres-array': [ '2.0.0', '3.0.4' ],
22 silly audit   pgpass: [ '1.0.5' ],
22 silly audit   picocolors: [ '1.1.1' ],
22 silly audit   picomatch: [ '2.3.2', '4.0.4' ],
22 silly audit   'pkg-types': [ '2.3.1' ],
22 silly audit   'possible-typed-array-names': [ '1.1.0' ],
22 silly audit   postgres: [ '3.4.7' ],
22 silly audit   'postgres-bytea': [ '1.0.1' ],
22 silly audit   'postgres-date': [ '1.0.7' ],
22 silly audit   'postgres-interval': [ '1.2.0' ],
22 silly audit   'prelude-ls': [ '1.2.1' ],
22 silly audit   prisma: [ '7.8.0' ],
22 silly audit   'prop-types': [ '15.8.1' ],
22 silly audit   'proper-lockfile': [ '4.1.2' ],
22 silly audit   'signal-exit': [ '3.0.7', '4.1.0' ],
22 silly audit   punycode: [ '2.3.1' ],
22 silly audit   'pure-rand': [ '6.1.0' ],
22 silly audit   pusher: [ '5.3.4' ],
22 silly audit   'pusher-js': [ '8.5.0' ],
22 silly audit   'queue-microtask': [ '1.2.3' ],
22 silly audit   rc9: [ '3.0.1' ],
22 silly audit   react: [ '19.2.7' ],
22 silly audit   'react-dom': [ '19.2.7' ],
22 silly audit   'react-fast-compare': [ '2.0.4' ],
22 silly audit   'react-is': [ '16.13.1' ],
22 silly audit   'react-redux': [ '9.3.0' ],
22 silly audit   'react-toastify': [ '11.1.0' ],
22 silly audit   readdirp: [ '5.0.0' ],
22 silly audit   recharts: [ '3.9.2' ],
22 silly audit   redux: [ '5.0.1' ],
22 silly audit   'redux-thunk': [ '3.1.0' ],
22 silly audit   'reflect.getprototypeof': [ '1.0.10' ],
22 silly audit   'regexp.prototype.flags': [ '1.5.4' ],
22 silly audit   remeda: [ '2.33.4' ],
22 silly audit   'require-from-string': [ '2.0.2' ],
22 silly audit   reselect: [ '5.2.0' ],
22 silly audit   resolve: [ '2.0.0-next.7' ],
22 silly audit   'resolve-from': [ '4.0.0' ],
22 silly audit   'resolve-pkg-maps': [ '1.0.0' ],
22 silly audit   retry: [ '0.12.0' ],
22 silly audit   reusify: [ '1.1.0' ],
22 silly audit   'run-parallel': [ '1.2.0' ],
22 silly audit   'safe-array-concat': [ '1.1.4' ],
22 silly audit   'safe-buffer': [ '5.2.1' ],
22 silly audit   'safe-push-apply': [ '1.0.0' ],
22 silly audit   'safe-regex-test': [ '1.1.0' ],
22 silly audit   'safer-buffer': [ '2.1.2' ],
22 silly audit   scheduler: [ '0.27.0' ],
22 silly audit   'seq-queue': [ '0.0.5' ],
22 silly audit   'set-function-length': [ '1.2.2' ],
22 silly audit   'set-function-name': [ '2.0.2' ],
22 silly audit   'set-proto': [ '1.0.0' ],
22 silly audit   sharp: [ '0.34.5' ],
22 silly audit   'shebang-command': [ '2.0.0' ],
22 silly audit   'shebang-regex': [ '3.0.0' ],
22 silly audit   'side-channel': [ '1.1.0' ],
22 silly audit   'side-channel-list': [ '1.0.1' ],
22 silly audit   'side-channel-map': [ '1.0.1' ],
22 silly audit   'side-channel-weakmap': [ '1.0.2' ],
22 silly audit   'source-map-js': [ '1.2.1' ],
22 silly audit   split2: [ '4.2.0' ],
22 silly audit   sqlstring: [ '2.3.3' ],
22 silly audit   'stable-hash': [ '0.0.5' ],
22 silly audit   'std-env': [ '3.10.0' ],
22 silly audit   'stop-iteration-iterator': [ '1.1.0' ],
22 silly audit   'string.prototype.includes': [ '2.0.1' ],
22 silly audit   'string.prototype.matchall': [ '4.0.12' ],
22 silly audit   'string.prototype.repeat': [ '1.0.0' ],
22 silly audit   'string.prototype.trim': [ '1.2.10' ],
22 silly audit   'string.prototype.trimend': [ '1.0.9' ],
22 silly audit   'string.prototype.trimstart': [ '1.0.8' ],
22 silly audit   'strip-bom': [ '3.0.0' ],
22 silly audit   'strip-json-comments': [ '3.1.1' ],
22 silly audit   'styled-jsx': [ '5.1.6' ],
22 silly audit   'supports-color': [ '7.2.0' ],
22 silly audit   'supports-preserve-symlinks-flag': [ '1.0.0' ],
22 silly audit   swr: [ '2.4.2' ],
22 silly audit   'tailwind-merge': [ '3.6.0' ],
22 silly audit   tailwindcss: [ '4.3.0' ],
22 silly audit   tapable: [ '2.3.3' ],
22 silly audit   'tiny-invariant': [ '1.3.3' ],
22 silly audit   'tiny-warning': [ '1.0.3' ],
22 silly audit   tinyglobby: [ '0.2.17' ],
22 silly audit   fdir: [ '6.5.0' ],
22 silly audit   'to-regex-range': [ '5.0.1' ],
22 silly audit   tr46: [ '0.0.3' ],
22 silly audit   'ts-api-utils': [ '2.5.0' ],
22 silly audit   'tsconfig-paths': [ '3.15.0' ],
22 silly audit   tslib: [ '2.8.1' ],
22 silly audit   tweetnacl: [ '1.0.3' ],
22 silly audit   'tweetnacl-util': [ '0.15.1' ],
22 silly audit   'type-check': [ '0.4.0' ],
22 silly audit   'typed-array-buffer': [ '1.0.3' ],
22 silly audit   'typed-array-byte-length': [ '1.0.3' ],
22 silly audit   'typed-array-byte-offset': [ '1.0.4' ],
22 silly audit   'typed-array-length': [ '1.0.8' ],
22 silly audit   typescript: [ '5.9.3' ],
22 silly audit   'typescript-eslint': [ '8.60.1' ],
22 silly audit   'unbox-primitive': [ '1.1.0' ],
22 silly audit   'undici-types': [ '6.21.0' ],
22 silly audit   'unrs-resolver': [ '1.12.2' ],
22 silly audit   'update-browserslist-db': [ '1.2.3' ],
22 silly audit   'uri-js': [ '4.4.1' ],
22 silly audit   'use-sync-external-store': [ '1.6.0' ],
22 silly audit   valibot: [ '1.2.0' ],
22 silly audit   'victory-vendor': [ '37.3.6' ],
22 silly audit   'web-push': [ '3.6.7' ],
22 silly audit   'webidl-conversions': [ '3.0.1' ],
22 silly audit   'whatwg-url': [ '5.0.0' ],
22 silly audit   which: [ '2.0.2' ],
22 silly audit   'which-boxed-primitive': [ '1.1.1' ],
22 silly audit   'which-builtin-type': [ '1.2.1' ],
22 silly audit   'which-collection': [ '1.0.2' ],
22 silly audit   'which-typed-array': [ '1.1.21' ],
22 silly audit   'word-wrap': [ '1.2.5' ],
22 silly audit   xtend: [ '4.0.2' ],
22 silly audit   yallist: [ '3.1.1' ],
22 silly audit   'yocto-queue': [ '0.1.0' ],
22 silly audit   zeptomatch: [ '2.1.0' ],
22 silly audit   zod: [ '4.4.3' ],
22 silly audit   'zod-validation-error': [ '4.0.2' ],
22 silly audit   zustand: [ '5.0.14' ],
22 silly audit   'driver.js': [ '1.6.0' ]
22 silly audit }
23 verbose reify failed optional dependency /Users/admin/Documents/shop_nen_thom/project/node_modules/@next/swc-win32-x64-msvc
24 silly reify mark deleted [
24 silly reify   '/Users/admin/Documents/shop_nen_thom/project/node_modules/@next/swc-win32-x64-msvc'
24 silly reify ]
25 verbose reify failed optional dependency /Users/admin/Documents/shop_nen_thom/project/node_modules/@next/swc-win32-arm64-msvc
26 silly reify mark deleted [
26 silly reify   '/Users/admin/Documents/shop_nen_thom/project/node_modules/@next/swc-win32-arm64-msvc'
26 silly reify ]
27 verbose reify failed optional dependency /Users/admin/Documents/shop_nen_thom/project/node_modules/@next/swc-linux-x64-musl
28 silly reify mark deleted [
28 silly reify   '/Users/admin/Documents/shop_nen_thom/project/node_modules/@next/swc-linux-x64-musl'
28 silly reify ]
29 verbose reify failed optional dependency /Users/admin/Documents/shop_nen_thom/project/node_modules/@next/swc-linux-x64-gnu
30 silly reify mark deleted [
30 silly reify   '/Users/admin/Documents/shop_nen_thom/project/node_modules/@next/swc-linux-x64-gnu'
30 silly reify ]
31 verbose reify failed optional dependency /Users/admin/Documents/shop_nen_thom/project/node_modules/@next/swc-linux-arm64-musl
32 silly reify mark deleted [
32 silly reify   '/Users/admin/Documents/shop_nen_thom/project/node_modules/@next/swc-linux-arm64-musl'
32 silly reify ]
33 verbose reify failed optional dependency /Users/admin/Documents/shop_nen_thom/project/node_modules/@next/swc-linux-arm64-gnu
34 silly reify mark deleted [
34 silly reify   '/Users/admin/Documents/shop_nen_thom/project/node_modules/@next/swc-linux-arm64-gnu'
34 silly reify ]
35 verbose reify failed optional dependency /Users/admin/Documents/shop_nen_thom/project/node_modules/@next/swc-darwin-x64
36 silly reify mark deleted [
36 silly reify   '/Users/admin/Documents/shop_nen_thom/project/node_modules/@next/swc-darwin-x64'
36 silly reify ]
37 http cache driver.js@https://registry.npmjs.org/driver.js/-/driver.js-1.6.0.tgz 0ms (cache hit)
38 silly tarball no local data for driver.js@https://registry.npmjs.org/driver.js/-/driver.js-1.6.0.tgz. Extracting by manifest.
39 http fetch GET 200 https://registry.npmjs.org/driver.js/-/driver.js-1.6.0.tgz 43ms (cache miss)
40 http fetch POST 200 https://registry.npmjs.org/-/npm/v1/security/advisories/bulk 213ms
41 silly audit report {
41 silly audit report   '@hono/node-server': [
41 silly audit report     {
41 silly audit report       id: 1116281,
41 silly audit report       url: 'https://github.com/advisories/GHSA-92pp-h63x-v22m',
41 silly audit report       title: '@hono/node-server: Middleware bypass via repeated slashes in serveStatic',
41 silly audit report       severity: 'moderate',
41 silly audit report       vulnerable_versions: '<1.19.13',
41 silly audit report       cwe: [Array],
41 silly audit report       cvss: [Object]
41 silly audit report     }
41 silly audit report   ],
41 silly audit report   hono: [
41 silly audit report     {
41 silly audit report       id: 1120910,
41 silly audit report       url: 'https://github.com/advisories/GHSA-wwfh-h76j-fc44',
41 silly audit report       title: 'hono: Path traversal in `serve-static` on Windows via encoded backslash (`%5C`)',
41 silly audit report       severity: 'moderate',
41 silly audit report       vulnerable_versions: '<4.12.25',
41 silly audit report       cwe: [Array],
41 silly audit report       cvss: [Object]
41 silly audit report     },
41 silly audit report     {
41 silly audit report       id: 1120911,
41 silly audit report       url: 'https://github.com/advisories/GHSA-j6c9-x7qj-28xf',
41 silly audit report       title: 'hono: AWS Lambda adapter merges multiple `Set-Cookie` headers into one value, dropping cookies on ALB single-header and Lattice',
41 silly audit report       severity: 'moderate',
41 silly audit report       vulnerable_versions: '<4.12.25',
41 silly audit report       cwe: [Array],
41 silly audit report       cvss: [Object]
41 silly audit report     },
41 silly audit report     {
41 silly audit report       id: 1120913,
41 silly audit report       url: 'https://github.com/advisories/GHSA-88fw-hqm2-52qc',
41 silly audit report       title: 'hono: CORS Middleware reflects any Origin with credentials when `origin` defaults to the wildcard',
41 silly audit report       severity: 'high',
41 silly audit report       vulnerable_versions: '<4.12.25',
41 silly audit report       cwe: [Array],
41 silly audit report       cvss: [Object]
41 silly audit report     },
41 silly audit report     {
41 silly audit report       id: 1120921,
41 silly audit report       url: 'https://github.com/advisories/GHSA-rv63-4mwf-qqc2',
41 silly audit report       title: 'hono: Body Limit Middleware can be bypassed on AWS Lambda by understating `Content-Length`',
41 silly audit report       severity: 'moderate',
41 silly audit report       vulnerable_versions: '<4.12.25',
41 silly audit report       cwe: [Array],
41 silly audit report       cvss: [Object]
41 silly audit report     },
41 silly audit report     {
41 silly audit report       id: 1120922,
41 silly audit report       url: 'https://github.com/advisories/GHSA-wgpf-jwqj-8h8p',
41 silly audit report       title: 'hono: Lambda@Edge adapter keeps only the last value of a repeated request header, dropping the rest',
41 silly audit report       severity: 'moderate',
41 silly audit report       vulnerable_versions: '<4.12.25',
41 silly audit report       cwe: [Array],
41 silly audit report       cvss: [Object]
41 silly audit report     }
41 silly audit report   ],
41 silly audit report   postcss: [
41 silly audit report     {
41 silly audit report       id: 1117015,
41 silly audit report       url: 'https://github.com/advisories/GHSA-qx2v-qp2m-jg93',
41 silly audit report       title: 'PostCSS has XSS via Unescaped </style> in its CSS Stringify Output',
41 silly audit report       severity: 'moderate',
41 silly audit report       vulnerable_versions: '<8.5.10',
41 silly audit report       cwe: [Array],
41 silly audit report       cvss: [Object]
41 silly audit report     }
41 silly audit report   ],
41 silly audit report   nodemailer: [
41 silly audit report     {
41 silly audit report       id: 1121191,
41 silly audit report       url: 'https://github.com/advisories/GHSA-p6gq-j5cr-w38f',
41 silly audit report       title: 'Nodemailer: Message-level raw option bypasses disableFileAccess/disableUrlAccess, enabling arbitrary file read and full-response SSRF in the delivered message',
41 silly audit report       severity: 'high',
41 silly audit report       vulnerable_versions: '<=9.0.0',
41 silly audit report       cwe: [Array],
41 silly audit report       cvss: [Object]
41 silly audit report     }
41 silly audit report   ]
41 silly audit report }
42 silly packumentCache corgi:https://registry.npmjs.org/@hono%2fnode-server cache-miss
43 silly packumentCache corgi:https://registry.npmjs.org/hono cache-miss
44 silly packumentCache corgi:https://registry.npmjs.org/postcss cache-miss
45 silly packumentCache corgi:https://registry.npmjs.org/nodemailer cache-miss
46 http fetch GET 200 https://registry.npmjs.org/@hono%2fnode-server 53ms (cache miss)
47 silly packumentCache corgi:https://registry.npmjs.org/@hono%2fnode-server set size:undefined disposed:false
48 http fetch GET 200 https://registry.npmjs.org/hono 93ms (cache miss)
49 silly packumentCache corgi:https://registry.npmjs.org/hono set size:undefined disposed:false
50 http fetch GET 200 https://registry.npmjs.org/nodemailer 151ms (cache miss)
51 silly packumentCache corgi:https://registry.npmjs.org/nodemailer set size:undefined disposed:false
52 http fetch GET 200 https://registry.npmjs.org/postcss 183ms (cache miss)
53 silly packumentCache corgi:https://registry.npmjs.org/postcss set size:undefined disposed:false
54 silly packumentCache corgi:https://registry.npmjs.org/@prisma%2fdev cache-miss
55 http fetch GET 200 https://registry.npmjs.org/@prisma%2fdev 72ms (cache miss)
56 silly packumentCache corgi:https://registry.npmjs.org/@prisma%2fdev set size:undefined disposed:false
57 silly packumentCache corgi:https://registry.npmjs.org/next cache-miss
58 http fetch GET 200 https://registry.npmjs.org/next 488ms (cache miss)
59 silly packumentCache corgi:https://registry.npmjs.org/next set size:undefined disposed:false
60 silly packumentCache corgi:https://registry.npmjs.org/prisma cache-miss
61 http fetch GET 200 https://registry.npmjs.org/prisma 535ms (cache miss)
62 silly packumentCache corgi:https://registry.npmjs.org/prisma set size:undefined disposed:false
63 silly packumentCache corgi:https://registry.npmjs.org/@prisma%2fclient cache-miss
64 http fetch GET 200 https://registry.npmjs.org/@prisma%2fclient 1082ms (cache miss)
65 silly packumentCache corgi:https://registry.npmjs.org/@prisma%2fclient set size:undefined disposed:false
66 silly ADD node_modules/driver.js
67 silly ADD node_modules/@next/swc-win32-x64-msvc
68 silly ADD node_modules/@next/swc-win32-arm64-msvc
69 silly ADD node_modules/@next/swc-linux-x64-musl
70 silly ADD node_modules/@next/swc-linux-x64-gnu
71 silly ADD node_modules/@next/swc-linux-arm64-musl
72 silly ADD node_modules/@next/swc-linux-arm64-gnu
73 silly ADD node_modules/@next/swc-darwin-x64
74 verbose cwd /Users/admin/Documents/shop_nen_thom/project
75 verbose os Darwin 24.3.0
76 verbose node v24.6.0
77 verbose npm  v11.5.1
78 notice
78 notice New minor version of npm available! 11.5.1 -> 11.18.0
78 notice Changelog: https://github.com/npm/cli/releases/tag/v11.18.0
78 notice To update run: npm install -g npm@11.18.0
78 notice  { force: true, Symbol(proc-log.meta): true }
79 verbose exit 0
80 info ok
